[Licensing::Module] Trying to connect to existing licensing client channel...
Built from '6000.2/respin/6000.2.7f1-2eb0c79396db' branch; Version is '6000.2.7f2 (2b518236b676) revision 2838914'; Using compiler version '194234433'; Build Type 'Release'
[Licensing::IpcConnector] Successfully connected to: "LicenseClient-granf" at "2025-12-10T15:50:08.9697685Z"
OS: 'Windows 11  (10.0.26100) 64bit CoreSingleLanguage' Language: 'en' Physical Memory: 16163 MB
BatchMode: 1, IsHumanControllingUs: 0, StartBugReporterOnCrash: 0, Is64bit: 1
Date: 2025-12-10T15:50:08Z

COMMAND LINE ARGUMENTS:
G:\unity\6000.2.7f2\Editor\Unity.exe
-adb2
-batchMode
-noUpm
-name
AssetImportWorker3
-projectPath
G:/unity/anima/TopdownShooter
-logFile
Logs/AssetImportWorker3.log
-srvPort
65419
-licensingIpc
LicenseClient-granf
-job-worker-count
5
-background-job-worker-count
8
-gc-helper-count
1
-name
AssetImport
Successfully changed project path to: G:/unity/anima/TopdownShooter
G:/unity/anima/TopdownShooter
[UnityMemory] Configuration Parameters - Can be set up in boot.config
    "memorysetup-allocator-temp-initial-block-size-main=262144"
    "memorysetup-allocator-temp-initial-block-size-worker=262144"
    "memorysetup-bucket-allocator-granularity=16"
    "memorysetup-bucket-allocator-bucket-count=8"
    "memorysetup-bucket-allocator-block-size=33554432"
    "memorysetup-bucket-allocator-block-count=8"
    "memorysetup-main-allocator-block-size=16777216"
    "memorysetup-thread-allocator-block-size=16777216"
    "memorysetup-gfx-main-allocator-block-size=16777216"
    "memorysetup-gfx-thread-allocator-block-size=16777216"
    "memorysetup-cache-allocator-block-size=4194304"
    "memorysetup-typetree-allocator-block-size=2097152"
    "memorysetup-profiler-bucket-allocator-granularity=16"
    "memorysetup-profiler-bucket-allocator-bucket-count=8"
    "memorysetup-profiler-bucket-allocator-block-size=33554432"
    "memorysetup-profiler-bucket-allocator-block-count=8"
    "memorysetup-profiler-allocator-block-size=16777216"
    "memorysetup-profiler-editor-allocator-block-size=1048576"
    "memorysetup-temp-allocator-size-main=16777216"
    "memorysetup-job-temp-allocator-block-size=2097152"
    "memorysetup-job-temp-allocator-block-size-background=1048576"
    "memorysetup-job-temp-allocator-reduction-small-platforms=262144"
    "memorysetup-temp-allocator-size-background-worker=32768"
    "memorysetup-temp-allocator-size-job-worker=262144"
    "memorysetup-temp-allocator-size-preload-manager=33554432"
    "memorysetup-temp-allocator-size-nav-mesh-worker=65536"
    "memorysetup-temp-allocator-size-audio-worker=65536"
    "memorysetup-temp-allocator-size-cloud-worker=32768"
    "memorysetup-temp-allocator-size-gi-baking-worker=262144"
    "memorysetup-temp-allocator-size-gi-baking-worker=262144"
    "memorysetup-temp-allocator-size-gi-baking-worker=262144"
    "memorysetup-temp-allocator-size-gi-baking-worker=262144"
    "memorysetup-temp-allocator-size-gi-baking-worker=262144"
    "memorysetup-temp-allocator-size-gfx=262144"
Player connection [7536]  Target information:

Player connection [7536]  * "[IP] 192.168.1.203 [Port] 0 [Flags] 2 [Guid] 887002549 [EditorId] 887002549 [Version] 1048832 [Id] WindowsEditor(7,HoangDucChien) [Debug] 1 [PackageName] WindowsEditor [ProjectName] Editor" 

Player connection [7536]  * "[IP] 26.33.236.197 [Port] 0 [Flags] 2 [Guid] 887002549 [EditorId] 887002549 [Version] 1048832 [Id] WindowsEditor(7,HoangDucChien) [Debug] 1 [PackageName] WindowsEditor [ProjectName] Editor" 

Player connection [7536]  * "[IP] 192.168.1.201 [Port] 0 [Flags] 2 [Guid] 887002549 [EditorId] 887002549 [Version] 1048832 [Id] WindowsEditor(7,HoangDucChien) [Debug] 1 [PackageName] WindowsEditor [ProjectName] Editor" 

Player connection [7536] Host joined multi-casting on [225.0.0.222:54997]...
Player connection [7536] Host joined alternative multi-casting on [225.0.0.222:34997]...
JobSystem: Creating JobQueue using job-worker-count value 5
Input System module state changed to: Initialized.
[Physics::Module] Initialized fallback backend.
[Physics::Module] Id: 0xdecafbad
[Licensing::Client] Code 10 while verifying Licensing Client signature (process Id: 15504, path: "G:/unity/Unity Hub/UnityLicensingClient_V1/Unity.Licensing.Client.exe")
[Licensing::Module] LicensingClient has failed validation; ignoring
[Licensing::Client] Handshaking with LicensingClient:
  Version:                 1.17.4+4293ba1
  Session Id:              df85ee2d04994faf8cbfd2be9f2c7933
  Correlation Id:          3b57bdbc861b1df6f1adef3bd94a9412
  External correlation Id: 7253079814324312135
  Machine Id:              1IQQdz7OtPVom6E8KPd4Rp+Yle4=
[Licensing::Module] Successfully connected to LicensingClient on channel: "LicenseClient-granf" (connect: 0.00s, validation: 0.01s, handshake: 0.06s)
[Licensing::IpcConnector] Successfully connected to: "LicenseClient-granf-notifications" at "2025-12-10T15:50:09.0312898Z"
[Licensing::Module] Licensing Background thread has ended after 0.06s
Library Redirect Path: Library/
[Physics::Module] Selected backend.
[Physics::Module] Name: PhysX
[Physics::Module] Id: 0xf2b8ea05
[Physics::Module] SDK Version: 4.1.2
[Physics::Module] Integration Version: 1.0.0
[Physics::Module] Threading Mode: Multi-Threaded
Refreshing native plugins compatible for Editor in 4.84 ms, found 4 plugins.
Preloading 0 native plugins for Editor in 0.00 ms.
Initialize engine version: 6000.2.7f2 (2b518236b676)
[Subsystems] Discovering subsystems at path G:/unity/6000.2.7f2/Editor/Data/Resources/UnitySubsystems
[Subsystems] Discovering subsystems at path G:/unity/anima/TopdownShooter/Assets
GfxDevice: creating device client; kGfxThreadingModeNonThreaded
Direct3D:
    Version:  Direct3D 11.0 [level 11.1]
    Renderer: NVIDIA GeForce RTX 3050 Laptop GPU (ID=0x25a2)
    Vendor:   NVIDIA
    VRAM:     3964 MB
    Driver:   32.0.15.7216
Initialize mono
Mono path[0] = 'G:/unity/6000.2.7f2/Editor/Data/Managed'
Mono path[1] = 'G:/unity/6000.2.7f2/Editor/Data/MonoBleedingEdge/lib/mono/unityjit-win32'
Mono config path = 'G:/unity/6000.2.7f2/Editor/Data/MonoBleedingEdge/etc'
Using monoOptions --debugger-agent=transport=dt_socket,embedding=1,server=y,suspend=n,address=127.0.0.1:56116
Begin MonoManager ReloadAssembly
Registering precompiled unity dll's ...
Register platform support module: G:/unity/6000.2.7f2/Editor/Data/PlaybackEngines/WindowsStandaloneSupport/UnityEditor.WindowsStandalone.Extensions.dll
[Licensing::Client] Successfully resolved entitlement details
[Licensing::Module] License group:
  Id: 18967892162533-UnityPersXXXX
  Product: Unity Personal
  Type: Assigned
  Expiration: Unlimited
Register platform support module: G:/unity/6000.2.7f2/Editor/Data/PlaybackEngines/AndroidPlayer/UnityEditor.Android.Extensions.dll
Registered in 0.004239 seconds.
- Loaded All Assemblies, in  0.406 seconds
Native extension for Android target not found
Android Extension - Scanning For ADB Devices 263 ms
Native extension for WindowsStandalone target not found
Mono: successfully reloaded assembly
- Finished resetting the current domain, in  0.624 seconds
Domain Reload Profiling: 1030ms
	BeginReloadAssembly (140ms)
		ExecutionOrderSort (0ms)
		DisableScriptedObjects (0ms)
		BackupInstance (0ms)
		ReleaseScriptingObjects (0ms)
		CreateAndSetChildDomain (1ms)
	RebuildCommonClasses (36ms)
	RebuildNativeTypeToScriptingClass (11ms)
	initialDomainReloadingComplete (46ms)
	LoadAllAssembliesAndSetupDomain (172ms)
		LoadAssemblies (141ms)
		RebuildTransferFunctionScriptingTraits (0ms)
		AnalyzeDomain (168ms)
			TypeCache.Refresh (166ms)
				TypeCache.ScanAssembly (151ms)
			BuildScriptInfoCaches (0ms)
			ResolveRequiredComponents (1ms)
	FinalizeReload (625ms)
		ReleaseScriptCaches (0ms)
		RebuildScriptCaches (0ms)
		SetupLoadedEditorAssemblies (580ms)
			LogAssemblyErrors (0ms)
			InitializePlatformSupportModulesInManaged (347ms)
			SetLoadedEditorAssemblies (3ms)
			BeforeProcessingInitializeOnLoad (59ms)
			ProcessInitializeOnLoadAttributes (111ms)
			ProcessInitializeOnLoadMethodAttributes (60ms)
			AfterProcessingInitializeOnLoad (0ms)
			EditorAssembliesLoaded (0ms)
		ExecutionOrderSort2 (0ms)
		AwakeInstancesAfterBackupRestoration (0ms)
========================================================================
Worker process is ready to serve import requests
Import Worker Mode flag is 0x00
Begin MonoManager ReloadAssembly
[Licensing::Client] Successfully resolved entitlement details
- Loaded All Assemblies, in  0.883 seconds
Refreshing native plugins compatible for Editor in 1.41 ms, found 4 plugins.
Native extension for Android target not found
Native extension for WindowsStandalone target not found
Package Manager log level set to [2]
[Package Manager] Failed to launch server process. Reason: Unity was launched with the -noUpm command-line argument
[Package Manager] Unable to send message (not connected to server process).
[Package Manager] Cannot connect to Unity Package Manager local server
Mono: successfully reloaded assembly
- Finished resetting the current domain, in  0.773 seconds
Domain Reload Profiling: 1655ms
	BeginReloadAssembly (191ms)
		ExecutionOrderSort (0ms)
		DisableScriptedObjects (7ms)
		BackupInstance (0ms)
		ReleaseScriptingObjects (0ms)
		CreateAndSetChildDomain (30ms)
	RebuildCommonClasses (35ms)
	RebuildNativeTypeToScriptingClass (11ms)
	initialDomainReloadingComplete (33ms)
	LoadAllAssembliesAndSetupDomain (611ms)
		LoadAssemblies (425ms)
		RebuildTransferFunctionScriptingTraits (0ms)
		AnalyzeDomain (296ms)
			TypeCache.Refresh (206ms)
				TypeCache.ScanAssembly (188ms)
			BuildScriptInfoCaches (72ms)
			ResolveRequiredComponents (13ms)
	FinalizeReload (773ms)
		ReleaseScriptCaches (0ms)
		RebuildScriptCaches (0ms)
		SetupLoadedEditorAssemblies (627ms)
			LogAssemblyErrors (0ms)
			InitializePlatformSupportModulesInManaged (9ms)
			SetLoadedEditorAssemblies (5ms)
			BeforeProcessingInitializeOnLoad (116ms)
			ProcessInitializeOnLoadAttributes (382ms)
			ProcessInitializeOnLoadMethodAttributes (114ms)
			AfterProcessingInitializeOnLoad (1ms)
			EditorAssembliesLoaded (0ms)
		ExecutionOrderSort2 (0ms)
		AwakeInstancesAfterBackupRestoration (5ms)
Launched and connected shader compiler UnityShaderCompiler.exe after 0.02 seconds
Refreshing native plugins compatible for Editor in 2.66 ms, found 4 plugins.
Preloading 0 native plugins for Editor in 0.00 ms.
Unloading 36 Unused Serialized files (Serialized files now loaded: 0)
Unloading 6807 unused Assets / (8.9 MB). Loaded Objects now: 7494.
Memory consumption went from 149.3 MB to 140.4 MB.
Total: 13.545000 ms (FindLiveObjects: 0.769000 ms CreateObjectMapping: 0.697500 ms MarkObjects: 6.266800 ms  DeleteObjects: 5.804500 ms)

========================================================================
Received Import Request.
  Time since last request: 819465.016133 seconds.
  path: Assets/audio/RPG_Essentials_Free/8_Atk_Magic_SFX/13_Ice_explosion_01.wav
  artifactKey: Guid(e228c3f1dbe7aed48aeef880c13ccdb1) Importer(815301076,1909f56bfc062723c751e8b465ee728b)
Start importing Assets/audio/RPG_Essentials_Free/8_Atk_Magic_SFX/13_Ice_explosion_01.wav using Guid(e228c3f1dbe7aed48aeef880c13ccdb1) Importer(815301076,1909f56bfc062723c751e8b465ee728b) (PreviewImporter) -> (artifact id: 'ad0a1e56a9d3802a6e0945e31bada70a') in 0.1612688 seconds
Number of updated asset objects reloaded before import = 0Number of asset objects unloaded after import = 2

========================================================================
Received Import Request.
  Time since last request: 0.000036 seconds.
  path: Assets/audio/RPG_Essentials_Free/8_Atk_Magic_SFX/18_Thunder_02.wav
  artifactKey: Guid(a0e52c87d1848204e96854aca4d54fbd) Importer(815301076,1909f56bfc062723c751e8b465ee728b)
Start importing Assets/audio/RPG_Essentials_Free/8_Atk_Magic_SFX/18_Thunder_02.wav using Guid(a0e52c87d1848204e96854aca4d54fbd) Importer(815301076,1909f56bfc062723c751e8b465ee728b) (PreviewImporter) -> (artifact id: '60c246d051cf25261900aaa7d73571d6') in 0.01871 seconds
Number of updated asset objects reloaded before import = 0Number of asset objects unloaded after import = 2

========================================================================
Received Import Request.
  Time since last request: 32.177263 seconds.
  path: Assets/audio/RPG_Essentials_Free/8_Buffs_Heals_SFX/17_Def_buff_01.wav
  artifactKey: Guid(602fda2aa4220864f987e43f40bed15f) Importer(815301076,1909f56bfc062723c751e8b465ee728b)
Start importing Assets/audio/RPG_Essentials_Free/8_Buffs_Heals_SFX/17_Def_buff_01.wav using Guid(602fda2aa4220864f987e43f40bed15f) Importer(815301076,1909f56bfc062723c751e8b465ee728b) (PreviewImporter) -> (artifact id: '8575cf9c75bdffa1e9a9fbcd01baa75c') in 0.031586 seconds
Number of updated asset objects reloaded before import = 0Number of asset objects unloaded after import = 2

========================================================================
Received Import Request.
  Time since last request: 0.000023 seconds.
  path: Assets/audio/RPG_Essentials_Free/8_Buffs_Heals_SFX/21_Debuff_01.wav
  artifactKey: Guid(8fcdcec576bd1734abb5f08528a5f7f2) Importer(815301076,1909f56bfc062723c751e8b465ee728b)
Start importing Assets/audio/RPG_Essentials_Free/8_Buffs_Heals_SFX/21_Debuff_01.wav using Guid(8fcdcec576bd1734abb5f08528a5f7f2) Importer(815301076,1909f56bfc062723c751e8b465ee728b) (PreviewImporter) -> (artifact id: '74415e852a96a0b5a793461b266308ad') in 0.0311604 seconds
Number of updated asset objects reloaded before import = 0Number of asset objects unloaded after import = 2

========================================================================
Received Import Request.
  Time since last request: 0.266289 seconds.
  path: Assets/audio/RPG_Essentials_Free/10_Battle_SFX/15_Impact_flesh_02.wav
  artifactKey: Guid(34d1557a68b440c449006705eeaeaebe) Importer(815301076,1909f56bfc062723c751e8b465ee728b)
Start importing Assets/audio/RPG_Essentials_Free/10_Battle_SFX/15_Impact_flesh_02.wav using Guid(34d1557a68b440c449006705eeaeaebe) Importer(815301076,1909f56bfc062723c751e8b465ee728b) (PreviewImporter) -> (artifact id: '32d3eb75f82ac4a0647077a2603233d6') in 0.015466 seconds
Number of updated asset objects reloaded before import = 0Number of asset objects unloaded after import = 2

========================================================================
Received Import Request.
  Time since last request: 0.000020 seconds.
  path: Assets/audio/RPG_Essentials_Free/10_Battle_SFX/22_Slash_04.wav
  artifactKey: Guid(ba5932b0e86695447b199ace3a2fc781) Importer(815301076,1909f56bfc062723c751e8b465ee728b)
Start importing Assets/audio/RPG_Essentials_Free/10_Battle_SFX/22_Slash_04.wav using Guid(ba5932b0e86695447b199ace3a2fc781) Importer(815301076,1909f56bfc062723c751e8b465ee728b) (PreviewImporter) -> (artifact id: '26b0f59ec0a2a335eb1ca7991459378d') in 0.0159326 seconds
Number of updated asset objects reloaded before import = 0Number of asset objects unloaded after import = 2

========================================================================
Received Import Request.
  Time since last request: 9.479945 seconds.
  path: Assets/audio/RPG_Essentials_Free/10_UI_Menu_SFX/029_Decline_09.wav
  artifactKey: Guid(c6689b2aa4a81984ab7d60e9335c554d) Importer(815301076,1909f56bfc062723c751e8b465ee728b)
Start importing Assets/audio/RPG_Essentials_Free/10_UI_Menu_SFX/029_Decline_09.wav using Guid(c6689b2aa4a81984ab7d60e9335c554d) Importer(815301076,1909f56bfc062723c751e8b465ee728b) (PreviewImporter) -> (artifact id: 'a049941268b213b5eaf6d834fef7765e') in 0.0169875 seconds
Number of updated asset objects reloaded before import = 0Number of asset objects unloaded after import = 2

========================================================================
Received Import Request.
  Time since last request: 0.000039 seconds.
  path: Assets/audio/RPG_Essentials_Free/10_UI_Menu_SFX/033_Denied_03.wav
  artifactKey: Guid(a970d326301ab6845b84b9c4dc940a81) Importer(815301076,1909f56bfc062723c751e8b465ee728b)
Start importing Assets/audio/RPG_Essentials_Free/10_UI_Menu_SFX/033_Denied_03.wav using Guid(a970d326301ab6845b84b9c4dc940a81) Importer(815301076,1909f56bfc062723c751e8b465ee728b) (PreviewImporter) -> (artifact id: 'd7f61d7fb661ae6367624ebd71cf0b21') in 0.0175083 seconds
Number of updated asset objects reloaded before import = 0Number of asset objects unloaded after import = 2

========================================================================
Received Import Request.
  Time since last request: 63.011068 seconds.
  path: Assets/Scripts/PlayerMovement.cs
  artifactKey: Guid(e0353403f24dd59428baa7f76f86364d) Importer(2089858483,192608db42251d675da83286b1cce702)
Start importing Assets/Scripts/PlayerMovement.cs using Guid(e0353403f24dd59428baa7f76f86364d) Importer(2089858483,192608db42251d675da83286b1cce702) (ScriptedImporter) -> (artifact id: '080a5dfd0232907436fa2e99a2467357') in 0.2059391 seconds
Number of updated asset objects reloaded before import = 0Number of asset objects unloaded after import = 0

========================================================================
Received Import Request.
  Time since last request: 0.000021 seconds.
  path: Assets/audio/RPG_Essentials_Free/10_UI_Menu_SFX/079_Buy_sell_01.wav
  artifactKey: Guid(97d9315213ecc4e41ae84ba23099919d) Importer(2089858483,192608db42251d675da83286b1cce702)
Start importing Assets/audio/RPG_Essentials_Free/10_UI_Menu_SFX/079_Buy_sell_01.wav using Guid(97d9315213ecc4e41ae84ba23099919d) Importer(2089858483,192608db42251d675da83286b1cce702) (ScriptedImporter) -> (artifact id: '87971eae08a45df1bfefa3be342eec77') in 0.050533 seconds
Number of updated asset objects reloaded before import = 0Number of asset objects unloaded after import = 1

========================================================================
Received Import Request.
  Time since last request: 0.000033 seconds.
  path: Assets/audio/JDSherbert - Nostalgia Music Pack [FREE]/mp3/JDSherbert - Nostalgia Music Pack - The 90's RomCom.mp3
  artifactKey: Guid(55ffcf534ffc3e74980c8b21e7aa41ae) Importer(2089858483,192608db42251d675da83286b1cce702)
Start importing Assets/audio/JDSherbert - Nostalgia Music Pack [FREE]/mp3/JDSherbert - Nostalgia Music Pack - The 90's RomCom.mp3 using Guid(55ffcf534ffc3e74980c8b21e7aa41ae) Importer(2089858483,192608db42251d675da83286b1cce702) (ScriptedImporter) -> (artifact id: '82b20515a3ed327eea04b8b394be2491') in 0.0423227 seconds
Number of updated asset objects reloaded before import = 0Number of asset objects unloaded after import = 1

========================================================================
Received Import Request.
  Time since last request: 0.000018 seconds.
  path: Assets/audio/JDSherbert - Nostalgia Music Pack [FREE]/wav/JDSherbert - Nostalgia Music Pack - Link Cable.wav
  artifactKey: Guid(27d502f7b8bca78438d883fd7527e431) Importer(2089858483,192608db42251d675da83286b1cce702)
Start importing Assets/audio/JDSherbert - Nostalgia Music Pack [FREE]/wav/JDSherbert - Nostalgia Music Pack - Link Cable.wav using Guid(27d502f7b8bca78438d883fd7527e431) Importer(2089858483,192608db42251d675da83286b1cce702) (ScriptedImporter) -> (artifact id: 'd57413e36c7beb9c375c1727c90a7e8d') in 0.0366852 seconds
Number of updated asset objects reloaded before import = 0Number of asset objects unloaded after import = 1

========================================================================
Received Import Request.
  Time since last request: 0.000018 seconds.
  path: Assets/audio/RPG_Essentials_Free/10_Battle_SFX/08_Bite_04.wav
  artifactKey: Guid(6bdb134d5a80a2640879a6afa8ab630b) Importer(2089858483,192608db42251d675da83286b1cce702)
Start importing Assets/audio/RPG_Essentials_Free/10_Battle_SFX/08_Bite_04.wav using Guid(6bdb134d5a80a2640879a6afa8ab630b) Importer(2089858483,192608db42251d675da83286b1cce702) (ScriptedImporter) -> (artifact id: '5dfc2436a8128c58a66ff4bf7971846f') in 0.0420181 seconds
Number of updated asset objects reloaded before import = 0Number of asset objects unloaded after import = 1

========================================================================
Received Import Request.
  Time since last request: 0.000019 seconds.
  path: Assets/Scripts/UI/DamageController.cs
  artifactKey: Guid(2ec266788070c524eb8e4519a406d555) Importer(2089858483,192608db42251d675da83286b1cce702)
Start importing Assets/Scripts/UI/DamageController.cs using Guid(2ec266788070c524eb8e4519a406d555) Importer(2089858483,192608db42251d675da83286b1cce702) (ScriptedImporter) -> (artifact id: '892c2b33711c07233436739e9a28c19b') in 0.01738 seconds
Number of updated asset objects reloaded before import = 0Number of asset objects unloaded after import = 0

========================================================================
Received Import Request.
  Time since last request: 0.000032 seconds.
  path: Assets/audio/RPG_Essentials_Free
  artifactKey: Guid(117b8f21811e7514d8b1437b523f2142) Importer(2089858483,192608db42251d675da83286b1cce702)
Start importing Assets/audio/RPG_Essentials_Free using Guid(117b8f21811e7514d8b1437b523f2142) Importer(2089858483,192608db42251d675da83286b1cce702) (ScriptedImporter) -> (artifact id: 'b36d35bdc94d37b6a49e632f968d352c') in 0.0154869 seconds
Number of updated asset objects reloaded before import = 0Number of asset objects unloaded after import = 1

========================================================================
Received Import Request.
  Time since last request: 0.000016 seconds.
  path: Assets/audio/RPG_Essentials_Free/10_UI_Menu_SFX/013_Confirm_03.wav
  artifactKey: Guid(5304d0937a233264b8c82fc7e81af6bb) Importer(2089858483,192608db42251d675da83286b1cce702)
Start importing Assets/audio/RPG_Essentials_Free/10_UI_Menu_SFX/013_Confirm_03.wav using Guid(5304d0937a233264b8c82fc7e81af6bb) Importer(2089858483,192608db42251d675da83286b1cce702) (ScriptedImporter) -> (artifact id: '29ebe8c2db84fc45a2944caa472a5600') in 0.0347689 seconds
Number of updated asset objects reloaded before import = 0Number of asset objects unloaded after import = 1

========================================================================
Received Import Request.
  Time since last request: 0.000017 seconds.
  path: Assets/audio/RPG_Essentials_Free/10_Battle_SFX/35_Miss_Evade_02.wav
  artifactKey: Guid(bcc4d07f79b7dc04cadb83c0076dfc65) Importer(2089858483,192608db42251d675da83286b1cce702)
Start importing Assets/audio/RPG_Essentials_Free/10_Battle_SFX/35_Miss_Evade_02.wav using Guid(bcc4d07f79b7dc04cadb83c0076dfc65) Importer(2089858483,192608db42251d675da83286b1cce702) (ScriptedImporter) -> (artifact id: 'ad6aff767f71199305ea2cccba8e3dd1') in 0.0343603 seconds
Number of updated asset objects reloaded before import = 0Number of asset objects unloaded after import = 1

========================================================================
Received Import Request.
  Time since last request: 0.000025 seconds.
  path: Assets/audio/JDSherbert - Nostalgia Music Pack [FREE]/mp3/JDSherbert - Nostalgia Music Pack - Disney Films.mp3
  artifactKey: Guid(a5fb5cf429c6e38499dce4bbf62cef3a) Importer(2089858483,192608db42251d675da83286b1cce702)
Start importing Assets/audio/JDSherbert - Nostalgia Music Pack [FREE]/mp3/JDSherbert - Nostalgia Music Pack - Disney Films.mp3 using Guid(a5fb5cf429c6e38499dce4bbf62cef3a) Importer(2089858483,192608db42251d675da83286b1cce702) (ScriptedImporter) -> (artifact id: '1205a10b576346a224049cc3ffee4bea') in 0.0394035 seconds
Number of updated asset objects reloaded before import = 0Number of asset objects unloaded after import = 1

========================================================================
Received Import Request.
  Time since last request: 0.000026 seconds.
  path: Assets/audio/RPG_Essentials_Free/8_Atk_Magic_SFX/46_Poison_01.wav
  artifactKey: Guid(bc9523e909fbf7f41b157a6d65b2ea8c) Importer(2089858483,192608db42251d675da83286b1cce702)
Start importing Assets/audio/RPG_Essentials_Free/8_Atk_Magic_SFX/46_Poison_01.wav using Guid(bc9523e909fbf7f41b157a6d65b2ea8c) Importer(2089858483,192608db42251d675da83286b1cce702) (ScriptedImporter) -> (artifact id: 'd096630e42249f6613c125e17dbe46ec') in 0.0406274 seconds
Number of updated asset objects reloaded before import = 0Number of asset objects unloaded after import = 1

========================================================================
Received Import Request.
  Time since last request: 0.000022 seconds.
  path: Assets/audio/RPG_Essentials_Free/Cover.png
  artifactKey: Guid(d38bbc9fcdbf0864880b970e81c381d2) Importer(2089858483,192608db42251d675da83286b1cce702)
Start importing Assets/audio/RPG_Essentials_Free/Cover.png using Guid(d38bbc9fcdbf0864880b970e81c381d2) Importer(2089858483,192608db42251d675da83286b1cce702) (ScriptedImporter)[Licensing::Client] Successfully resolved entitlement details
 -> (artifact id: 'db1bc119aa0d6152782affef22345948') in 0.0770079 seconds
Number of updated asset objects reloaded before import = 0Number of asset objects unloaded after import = 3

========================================================================
Received Import Request.
  Time since last request: 0.000021 seconds.
  path: Assets/Prefabs/LevelUp.prefab
  artifactKey: Guid(1832ae3cb327ab34b8dea74b9138ccba) Importer(2089858483,192608db42251d675da83286b1cce702)
Start importing Assets/Prefabs/LevelUp.prefab using Guid(1832ae3cb327ab34b8dea74b9138ccba) Importer(2089858483,192608db42251d675da83286b1cce702) (ScriptedImporter)The method get_fontSharedMaterials was not found on LevelUp. This property will not be indexed.
UnityEngine.Debug:ExtractStackTraceNoAlloc (byte*,int,string)
UnityEngine.StackTraceUtility:ExtractStackTrace ()
UnityEngine.DebugLogHandler:Internal_Log (UnityEngine.LogType,UnityEngine.LogOption,string,UnityEngine.Object)
UnityEngine.DebugLogHandler:LogFormat (UnityEngine.LogType,UnityEngine.Object,string,object[])
UnityEngine.Logger:Log (UnityEngine.LogType,object)
UnityEngine.Debug:LogWarning (object)
UnityEditor.Rendering.Universal.MaterialReferenceBuilder:GetMaterialFromMethod (System.Reflection.MethodInfo,UnityEngine.Object,System.Func`3<string, string, string>) (at ./Library/PackageCache/com.unity.render-pipelines.universal@ba467ec059b9/Editor/Converter/MaterialReferenceBuilder.cs:133)
UnityEditor.Rendering.Universal.ConversionIndexers:ConversionIndexer (UnityEditor.Search.CustomObjectIndexerTarget,UnityEditor.Search.ObjectIndexer) (at ./Library/PackageCache/com.unity.render-pipelines.universal@ba467ec059b9/Editor/Converter/ConversionIndexers.cs:21)
UnityEditor.Search.ObjectIndexer:CallCustomIndexers (string,int,UnityEngine.Object,UnityEditor.SerializedObject,bool)
UnityEditor.Search.ObjectIndexer:IndexCustomProperties (string,int,UnityEngine.Object)
UnityEditor.Search.AssetIndexer:IndexCustomGameObjectProperties (string,int,UnityEngine.GameObject)
UnityEditor.Search.AssetIndexer:IndexProperties (int&,string&,bool&)
UnityEditor.Search.AssetIndexer:IndexDocument (string,bool)
UnityEditor.Search.SearchIndexEntryImporter:OnImportAsset (UnityEditor.AssetImporters.AssetImportContext)
UnityEditor.AssetImporters.ScriptedImporter:GenerateAssetData (UnityEditor.AssetImporters.AssetImportContext)

(Filename: ./Library/PackageCache/com.unity.render-pipelines.universal@ba467ec059b9/Editor/Converter/MaterialReferenceBuilder.cs Line: 133)

 -> (artifact id: '5ec066f96acc8ba328707ca69dc48d6f') in 0.1233929 seconds
Number of updated asset objects reloaded before import = 0Number of asset objects unloaded after import = 15

========================================================================
Received Import Request.
  Time since last request: 0.000031 seconds.
  path: Assets/audio/JDSherbert - Nostalgia Music Pack [FREE]/LICENSE.txt
  artifactKey: Guid(3c1294b4975c5bd44853322daef3c3da) Importer(2089858483,192608db42251d675da83286b1cce702)
Start importing Assets/audio/JDSherbert - Nostalgia Music Pack [FREE]/LICENSE.txt using Guid(3c1294b4975c5bd44853322daef3c3da) Importer(2089858483,192608db42251d675da83286b1cce702) (ScriptedImporter) -> (artifact id: '5503adc44d0c906a7d0f67ca8599a692') in 0.0161822 seconds
Number of updated asset objects reloaded before import = 0Number of asset objects unloaded after import = 1

========================================================================
Received Import Request.
  Time since last request: 0.000030 seconds.
  path: Assets/audio/RPG_Essentials_Free/8_Buffs_Heals_SFX/48_Speed_up_02.wav
  artifactKey: Guid(a35db48c505409c4cbac7f7d1341644e) Importer(2089858483,192608db42251d675da83286b1cce702)
Start importing Assets/audio/RPG_Essentials_Free/8_Buffs_Heals_SFX/48_Speed_up_02.wav using Guid(a35db48c505409c4cbac7f7d1341644e) Importer(2089858483,192608db42251d675da83286b1cce702) (ScriptedImporter) -> (artifact id: '46b6a7b1b69df5093db58b14b17930fe') in 0.0530639 seconds
Number of updated asset objects reloaded before import = 0Number of asset objects unloaded after import = 1

========================================================================
Received Import Request.
  Time since last request: 0.000021 seconds.
  path: Assets/audio/JDSherbert - Nostalgia Music Pack [FREE]/m4a/JDSherbert - Nostalgia Music Pack - Treehouse Party.m4a
  artifactKey: Guid(47ffd62c4b844cc4db778acd511cc951) Importer(2089858483,192608db42251d675da83286b1cce702)
Start importing Assets/audio/JDSherbert - Nostalgia Music Pack [FREE]/m4a/JDSherbert - Nostalgia Music Pack - Treehouse Party.m4a using Guid(47ffd62c4b844cc4db778acd511cc951) Importer(2089858483,192608db42251d675da83286b1cce702) (ScriptedImporter) -> (artifact id: 'daf19c7a28e83990523103098d79a077') in 0.016011 seconds
Number of updated asset objects reloaded before import = 0Number of asset objects unloaded after import = 1

========================================================================
Received Import Request.
  Time since last request: 0.000021 seconds.
  path: Assets/audio/RPG_Essentials_Free/10_Battle_SFX/51_Flee_02.wav
  artifactKey: Guid(4542fc34fdb4a2b47a3e6cad972b89d5) Importer(2089858483,192608db42251d675da83286b1cce702)
Start importing Assets/audio/RPG_Essentials_Free/10_Battle_SFX/51_Flee_02.wav using Guid(4542fc34fdb4a2b47a3e6cad972b89d5) Importer(2089858483,192608db42251d675da83286b1cce702) (ScriptedImporter) -> (artifact id: '1cb36f0c44022f1455baaadb3be48722') in 0.053466 seconds
Number of updated asset objects reloaded before import = 0Number of asset objects unloaded after import = 1

========================================================================
Received Import Request.
  Time since last request: 0.000034 seconds.
  path: Assets/audio/JDSherbert - Nostalgia Music Pack [FREE]/mp3/JDSherbert - Nostalgia Music Pack - Treehouse Party.mp3
  artifactKey: Guid(25d5c4db76d0bcd44894551b4390e2ae) Importer(2089858483,192608db42251d675da83286b1cce702)
Start importing Assets/audio/JDSherbert - Nostalgia Music Pack [FREE]/mp3/JDSherbert - Nostalgia Music Pack - Treehouse Party.mp3 using Guid(25d5c4db76d0bcd44894551b4390e2ae) Importer(2089858483,192608db42251d675da83286b1cce702) (ScriptedImporter) -> (artifact id: '90d9cfb9c37872d9a71f4dc3384e0132') in 0.0368338 seconds
Number of updated asset objects reloaded before import = 0Number of asset objects unloaded after import = 1

========================================================================
Received Import Request.
  Time since last request: 0.000018 seconds.
  path: Assets/audio/RPG_Essentials_Free/10_UI_Menu_SFX/029_Decline_09.wav
  artifactKey: Guid(c6689b2aa4a81984ab7d60e9335c554d) Importer(2089858483,192608db42251d675da83286b1cce702)
Start importing Assets/audio/RPG_Essentials_Free/10_UI_Menu_SFX/029_Decline_09.wav using Guid(c6689b2aa4a81984ab7d60e9335c554d) Importer(2089858483,192608db42251d675da83286b1cce702) (ScriptedImporter) -> (artifact id: 'de80c38ddf89aa612d4f65d18a0e2194') in 0.0378746 seconds
Number of updated asset objects reloaded before import = 0Number of asset objects unloaded after import = 1

========================================================================
Received Import Request.
  Time since last request: 0.000014 seconds.
  path: Assets/audio/RPG_Essentials_Free/8_Atk_Magic_SFX/18_Thunder_02.wav
  artifactKey: Guid(a0e52c87d1848204e96854aca4d54fbd) Importer(2089858483,192608db42251d675da83286b1cce702)
Start importing Assets/audio/RPG_Essentials_Free/8_Atk_Magic_SFX/18_Thunder_02.wav using Guid(a0e52c87d1848204e96854aca4d54fbd) Importer(2089858483,192608db42251d675da83286b1cce702) (ScriptedImporter) -> (artifact id: 'e7d18ff90222aadebbed024e0e1bae78') in 0.0420756 seconds
Number of updated asset objects reloaded before import = 0Number of asset objects unloaded after import = 1

========================================================================
Received Import Request.
  Time since last request: 0.000020 seconds.
  path: Assets/audio/JDSherbert - Nostalgia Music Pack [FREE]
  artifactKey: Guid(66ad0790f5895c24997437409cfd2700) Importer(2089858483,192608db42251d675da83286b1cce702)
Start importing Assets/audio/JDSherbert - Nostalgia Music Pack [FREE] using Guid(66ad0790f5895c24997437409cfd2700) Importer(2089858483,192608db42251d675da83286b1cce702) (ScriptedImporter) -> (artifact id: '68e046ab246a04c0803c72c96e71a34d') in 0.0130122 seconds
Number of updated asset objects reloaded before import = 0Number of asset objects unloaded after import = 1

========================================================================
Received Import Request.
  Time since last request: 0.000029 seconds.
  path: Assets/Scripts/UI/LevelUp.cs
  artifactKey: Guid(37f54a8630f8b944f8cf85c264283e07) Importer(2089858483,192608db42251d675da83286b1cce702)
Start importing Assets/Scripts/UI/LevelUp.cs using Guid(37f54a8630f8b944f8cf85c264283e07) Importer(2089858483,192608db42251d675da83286b1cce702) (ScriptedImporter) -> (artifact id: '96f65533ac4d04d9e4fa3bbadb0b3e80') in 0.0164249 seconds
Number of updated asset objects reloaded before import = 0Number of asset objects unloaded after import = 0

========================================================================
Received Import Request.
  Time since last request: 0.000020 seconds.
  path: Assets/audio/RPG_Essentials_Free/8_Buffs_Heals_SFX/16_Atk_buff_04.wav
  artifactKey: Guid(a8ffcbb21fb4fbe4aa4c95f880c91977) Importer(2089858483,192608db42251d675da83286b1cce702)
Start importing Assets/audio/RPG_Essentials_Free/8_Buffs_Heals_SFX/16_Atk_buff_04.wav using Guid(a8ffcbb21fb4fbe4aa4c95f880c91977) Importer(2089858483,192608db42251d675da83286b1cce702) (ScriptedImporter) -> (artifact id: '877fddb3110cf61bf7559dca5f651bf9') in 0.0387128 seconds
Number of updated asset objects reloaded before import = 0Number of asset objects unloaded after import = 1

========================================================================
Received Import Request.
  Time since last request: 0.000017 seconds.
  path: Assets/audio/RPG_Essentials_Free/10_Battle_SFX/22_Slash_04.wav
  artifactKey: Guid(ba5932b0e86695447b199ace3a2fc781) Importer(2089858483,192608db42251d675da83286b1cce702)
Start importing Assets/audio/RPG_Essentials_Free/10_Battle_SFX/22_Slash_04.wav using Guid(ba5932b0e86695447b199ace3a2fc781) Importer(2089858483,192608db42251d675da83286b1cce702) (ScriptedImporter) -> (artifact id: '94609698ef02a0f646701327b6e6d043') in 0.0442385 seconds
Number of updated asset objects reloaded before import = 0Number of asset objects unloaded after import = 1

========================================================================
Received Import Request.
  Time since last request: 0.000023 seconds.
  path: Assets/audio/JDSherbert - Nostalgia Music Pack [FREE]/m4a/JDSherbert - Nostalgia Music Pack - Link Cable.m4a
  artifactKey: Guid(b76e1c3538cb9b74e9a331bc7f8401f6) Importer(2089858483,192608db42251d675da83286b1cce702)
Start importing Assets/audio/JDSherbert - Nostalgia Music Pack [FREE]/m4a/JDSherbert - Nostalgia Music Pack - Link Cable.m4a using Guid(b76e1c3538cb9b74e9a331bc7f8401f6) Importer(2089858483,192608db42251d675da83286b1cce702) (ScriptedImporter) -> (artifact id: '70ffd478686fc14075c3b35af1c775a2') in 0.0151735 seconds
Number of updated asset objects reloaded before import = 0Number of asset objects unloaded after import = 1

========================================================================
Received Import Request.
  Time since last request: 0.000036 seconds.
  path: Assets/audio/JDSherbert - Nostalgia Music Pack [FREE]/ogg/JDSherbert - Nostalgia Music Pack - Disney Films.ogg
  artifactKey: Guid(bc1a852a2e30ab640b93efbbb4cd2279) Importer(2089858483,192608db42251d675da83286b1cce702)
Start importing Assets/audio/JDSherbert - Nostalgia Music Pack [FREE]/ogg/JDSherbert - Nostalgia Music Pack - Disney Films.ogg using Guid(bc1a852a2e30ab640b93efbbb4cd2279) Importer(2089858483,192608db42251d675da83286b1cce702) (ScriptedImporter) -> (artifact id: 'c835dd27082fdc35b4e56752a10bc2e5') in 0.0419342 seconds
Number of updated asset objects reloaded before import = 0Number of asset objects unloaded after import = 1

========================================================================
Received Import Request.
  Time since last request: 0.000016 seconds.
  path: Assets/audio/JDSherbert - Nostalgia Music Pack [FREE]/ogg/JDSherbert - Nostalgia Music Pack - Treehouse Party.ogg
  artifactKey: Guid(138f0455be393ed4d81efe1e8178ad0d) Importer(2089858483,192608db42251d675da83286b1cce702)
Start importing Assets/audio/JDSherbert - Nostalgia Music Pack [FREE]/ogg/JDSherbert - Nostalgia Music Pack - Treehouse Party.ogg using Guid(138f0455be393ed4d81efe1e8178ad0d) Importer(2089858483,192608db42251d675da83286b1cce702) (ScriptedImporter) -> (artifact id: 'b30f68d8a15eac5ccf5e285caad3f8c6') in 0.0378892 seconds
Number of updated asset objects reloaded before import = 0Number of asset objects unloaded after import = 1

========================================================================
Received Import Request.
  Time since last request: 0.000015 seconds.
  path: Assets/audio/RPG_Essentials_Free/8_Atk_Magic_SFX/22_Water_02.wav
  artifactKey: Guid(68f71719efa4eb24a93bbbb5a65ce8d3) Importer(2089858483,192608db42251d675da83286b1cce702)
Start importing Assets/audio/RPG_Essentials_Free/8_Atk_Magic_SFX/22_Water_02.wav using Guid(68f71719efa4eb24a93bbbb5a65ce8d3) Importer(2089858483,192608db42251d675da83286b1cce702) (ScriptedImporter) -> (artifact id: '335492c9c94a041513ed2695ec1876f8') in 0.0358526 seconds
Number of updated asset objects reloaded before import = 0Number of asset objects unloaded after import = 1

========================================================================
Received Import Request.
  Time since last request: 0.000026 seconds.
  path: Assets/audio/RPG_Essentials_Free/10_Battle_SFX/69_Enemy_death_01.wav
  artifactKey: Guid(7cd081921e53b04489fcdb84e5157ca6) Importer(2089858483,192608db42251d675da83286b1cce702)
Start importing Assets/audio/RPG_Essentials_Free/10_Battle_SFX/69_Enemy_death_01.wav using Guid(7cd081921e53b04489fcdb84e5157ca6) Importer(2089858483,192608db42251d675da83286b1cce702) (ScriptedImporter) -> (artifact id: 'a06b64bd61516c9f66d36873007f8d22') in 0.0379149 seconds
Number of updated asset objects reloaded before import = 0Number of asset objects unloaded after import = 1

========================================================================
Received Import Request.
  Time since last request: 0.000026 seconds.
  path: Assets/audio/JDSherbert - Nostalgia Music Pack [FREE]/m4a/JDSherbert - Nostalgia Music Pack - Gameboy & A Long Car Journey.m4a
  artifactKey: Guid(92383ded0179acb4e9c7061ff53abff3) Importer(2089858483,192608db42251d675da83286b1cce702)
Start importing Assets/audio/JDSherbert - Nostalgia Music Pack [FREE]/m4a/JDSherbert - Nostalgia Music Pack - Gameboy & A Long Car Journey.m4a using Guid(92383ded0179acb4e9c7061ff53abff3) Importer(2089858483,192608db42251d675da83286b1cce702) (ScriptedImporter) -> (artifact id: '49fe5cb9c6496f16d599a56ce2d82aa9') in 0.0138397 seconds
Number of updated asset objects reloaded before import = 0Number of asset objects unloaded after import = 1

========================================================================
Received Import Request.
  Time since last request: 0.000016 seconds.
  path: Assets/audio/RPG_Essentials_Free/10_UI_Menu_SFX
  artifactKey: Guid(e47b9ea276624cd41a07f8508384b792) Importer(2089858483,192608db42251d675da83286b1cce702)
Start importing Assets/audio/RPG_Essentials_Free/10_UI_Menu_SFX using Guid(e47b9ea276624cd41a07f8508384b792) Importer(2089858483,192608db42251d675da83286b1cce702) (ScriptedImporter) -> (artifact id: '9e1e7ffb64d6ea7988db756cb9362255') in 0.0134568 seconds
Number of updated asset objects reloaded before import = 0Number of asset objects unloaded after import = 1

========================================================================
Received Import Request.
  Time since last request: 0.000020 seconds.
  path: Assets/audio/JDSherbert - Nostalgia Music Pack [FREE]/m4a/JDSherbert - Nostalgia Music Pack - Sk8r Bruh.m4a
  artifactKey: Guid(cfd67a19ff8127542b35c20b164e1e46) Importer(2089858483,192608db42251d675da83286b1cce702)
Start importing Assets/audio/JDSherbert - Nostalgia Music Pack [FREE]/m4a/JDSherbert - Nostalgia Music Pack - Sk8r Bruh.m4a using Guid(cfd67a19ff8127542b35c20b164e1e46) Importer(2089858483,192608db42251d675da83286b1cce702) (ScriptedImporter) -> (artifact id: 'ad6257e745fbfb3e01d92b103bfb98f8') in 0.0169967 seconds
Number of updated asset objects reloaded before import = 0Number of asset objects unloaded after import = 1

========================================================================
Received Import Request.
  Time since last request: 0.000017 seconds.
  path: Assets/audio/JDSherbert - Nostalgia Music Pack [FREE]/wav/JDSherbert - Nostalgia Music Pack - Saturday Morning Cartoons.wav
  artifactKey: Guid(930dfa66759745f4bb3aade95591c1ed) Importer(2089858483,192608db42251d675da83286b1cce702)
Start importing Assets/audio/JDSherbert - Nostalgia Music Pack [FREE]/wav/JDSherbert - Nostalgia Music Pack - Saturday Morning Cartoons.wav using Guid(930dfa66759745f4bb3aade95591c1ed) Importer(2089858483,192608db42251d675da83286b1cce702) (ScriptedImporter) -> (artifact id: '8dce34cd3391e2ed74fc00ff881f82d6') in 0.0460549 seconds
Number of updated asset objects reloaded before import = 0Number of asset objects unloaded after import = 1

========================================================================
Received Import Request.
  Time since last request: 0.000020 seconds.
  path: Assets/audio/RPG_Essentials_Free/10_UI_Menu_SFX/098_Unpause_04.wav
  artifactKey: Guid(10e8e0c2b30cf7c41bb5904edf1af0c0) Importer(2089858483,192608db42251d675da83286b1cce702)
Start importing Assets/audio/RPG_Essentials_Free/10_UI_Menu_SFX/098_Unpause_04.wav using Guid(10e8e0c2b30cf7c41bb5904edf1af0c0) Importer(2089858483,192608db42251d675da83286b1cce702) (ScriptedImporter) -> (artifact id: 'c0f8672f715f784fb9093edceb4361a0') in 0.04223 seconds
Number of updated asset objects reloaded before import = 0Number of asset objects unloaded after import = 1

========================================================================
Received Import Request.
  Time since last request: 0.000037 seconds.
  path: Assets/audio/RPG_Essentials_Free/8_Buffs_Heals_SFX/39_Absorb_04.wav
  artifactKey: Guid(2cc8109538a4c954bb399af3912fa788) Importer(2089858483,192608db42251d675da83286b1cce702)
Start importing Assets/audio/RPG_Essentials_Free/8_Buffs_Heals_SFX/39_Absorb_04.wav using Guid(2cc8109538a4c954bb399af3912fa788) Importer(2089858483,192608db42251d675da83286b1cce702) (ScriptedImporter) -> (artifact id: '2188db068ca0930cd9e93a826e82daf3') in 0.0459973 seconds
Number of updated asset objects reloaded before import = 0Number of asset objects unloaded after import = 1

========================================================================
Received Import Request.
  Time since last request: 0.000017 seconds.
  path: Assets/audio/JDSherbert - Nostalgia Music Pack [FREE]/mp3/JDSherbert - Nostalgia Music Pack - Saturday Morning Cartoons.mp3
  artifactKey: Guid(6b6cf577bf19a53459f72119bdf4fcfe) Importer(2089858483,192608db42251d675da83286b1cce702)
Start importing Assets/audio/JDSherbert - Nostalgia Music Pack [FREE]/mp3/JDSherbert - Nostalgia Music Pack - Saturday Morning Cartoons.mp3 using Guid(6b6cf577bf19a53459f72119bdf4fcfe) Importer(2089858483,192608db42251d675da83286b1cce702) (ScriptedImporter) -> (artifact id: '0823a2ff73cf770e1ef3a752a3404462') in 0.0428729 seconds
Number of updated asset objects reloaded before import = 0Number of asset objects unloaded after import = 1

========================================================================
Received Import Request.
  Time since last request: 0.000017 seconds.
  path: Assets/audio/JDSherbert - Nostalgia Music Pack [FREE]/ogg/JDSherbert - Nostalgia Music Pack - Link Cable.ogg
  artifactKey: Guid(bef4ac3f3faeb8641ab335d8c8fe055e) Importer(2089858483,192608db42251d675da83286b1cce702)
Start importing Assets/audio/JDSherbert - Nostalgia Music Pack [FREE]/ogg/JDSherbert - Nostalgia Music Pack - Link Cable.ogg using Guid(bef4ac3f3faeb8641ab335d8c8fe055e) Importer(2089858483,192608db42251d675da83286b1cce702) (ScriptedImporter) -> (artifact id: '1176cb9c7f4bda312b75726c78c92c0a') in 0.0467716 seconds
Number of updated asset objects reloaded before import = 0Number of asset objects unloaded after import = 1

========================================================================
Received Import Request.
  Time since last request: 0.000024 seconds.
  path: Assets/audio/RPG_Essentials_Free/12_Player_Movement_SFX/42_Cling_climb_03.wav
  artifactKey: Guid(04d9673ee8f671e49adfdc9bfe3bbba9) Importer(2089858483,192608db42251d675da83286b1cce702)
Start importing Assets/audio/RPG_Essentials_Free/12_Player_Movement_SFX/42_Cling_climb_03.wav using Guid(04d9673ee8f671e49adfdc9bfe3bbba9) Importer(2089858483,192608db42251d675da83286b1cce702) (ScriptedImporter) -> (artifact id: '2c3428054e46b81749e0d31d55fde9e2') in 0.0498656 seconds
Number of updated asset objects reloaded before import = 0Number of asset objects unloaded after import = 1

========================================================================
Received Import Request.
  Time since last request: 0.000031 seconds.
  path: Assets/audio/JDSherbert - Nostalgia Music Pack [FREE]/mp3/JDSherbert - Nostalgia Music Pack - Link Cable.mp3
  artifactKey: Guid(3001747d29c5e93459e4bccd14d16739) Importer(2089858483,192608db42251d675da83286b1cce702)
Start importing Assets/audio/JDSherbert - Nostalgia Music Pack [FREE]/mp3/JDSherbert - Nostalgia Music Pack - Link Cable.mp3 using Guid(3001747d29c5e93459e4bccd14d16739) Importer(2089858483,192608db42251d675da83286b1cce702) (ScriptedImporter) -> (artifact id: '304ec1828450c3eaf354d89a2909ffe4') in 0.0431678 seconds
Number of updated asset objects reloaded before import = 0Number of asset objects unloaded after import = 1

========================================================================
Received Import Request.
  Time since last request: 0.000022 seconds.
  path: Assets/audio/JDSherbert - Nostalgia Music Pack [FREE]/m4a/JDSherbert - Nostalgia Music Pack - Retrocadia.m4a
  artifactKey: Guid(6806569e2ef2cbb43a69c651d8849fc9) Importer(2089858483,192608db42251d675da83286b1cce702)
Start importing Assets/audio/JDSherbert - Nostalgia Music Pack [FREE]/m4a/JDSherbert - Nostalgia Music Pack - Retrocadia.m4a using Guid(6806569e2ef2cbb43a69c651d8849fc9) Importer(2089858483,192608db42251d675da83286b1cce702) (ScriptedImporter) -> (artifact id: '3cbbbdfed8fb072709d0d87501a9f249') in 0.0138598 seconds
Number of updated asset objects reloaded before import = 0Number of asset objects unloaded after import = 1

========================================================================
Received Import Request.
  Time since last request: 0.000018 seconds.
  path: Assets/audio/RPG_Essentials_Free/10_Battle_SFX
  artifactKey: Guid(1f8dbe55920a7174da333335154143fc) Importer(2089858483,192608db42251d675da83286b1cce702)
Start importing Assets/audio/RPG_Essentials_Free/10_Battle_SFX using Guid(1f8dbe55920a7174da333335154143fc) Importer(2089858483,192608db42251d675da83286b1cce702) (ScriptedImporter) -> (artifact id: '4271715d06581bc3ebf67f5ac884c1f3') in 0.0160701 seconds
Number of updated asset objects reloaded before import = 0Number of asset objects unloaded after import = 1

========================================================================
Received Import Request.
  Time since last request: 0.000018 seconds.
  path: Assets/audio/JDSherbert - Nostalgia Music Pack [FREE]/m4a/JDSherbert - Nostalgia Music Pack - VCR Jungle.m4a
  artifactKey: Guid(03a637c4a40056f489ba618cc8e891e5) Importer(2089858483,192608db42251d675da83286b1cce702)
Start importing Assets/audio/JDSherbert - Nostalgia Music Pack [FREE]/m4a/JDSherbert - Nostalgia Music Pack - VCR Jungle.m4a using Guid(03a637c4a40056f489ba618cc8e891e5) Importer(2089858483,192608db42251d675da83286b1cce702) (ScriptedImporter) -> (artifact id: '2614415daa1bf2a1c010f0ec0529b029') in 0.0177938 seconds
Number of updated asset objects reloaded before import = 0Number of asset objects unloaded after import = 1

========================================================================
Received Import Request.
  Time since last request: 0.000025 seconds.
  path: Assets/audio/JDSherbert - Nostalgia Music Pack [FREE]/mp3/JDSherbert - Nostalgia Music Pack - Retrocadia.mp3
  artifactKey: Guid(2a795f654af79534793fdec893f60c41) Importer(2089858483,192608db42251d675da83286b1cce702)
Start importing Assets/audio/JDSherbert - Nostalgia Music Pack [FREE]/mp3/JDSherbert - Nostalgia Music Pack - Retrocadia.mp3 using Guid(2a795f654af79534793fdec893f60c41) Importer(2089858483,192608db42251d675da83286b1cce702) (ScriptedImporter) -> (artifact id: 'ac087e57c19e0fe5f9fc158e8c5340fd') in 0.0430234 seconds
Number of updated asset objects reloaded before import = 0Number of asset objects unloaded after import = 1

========================================================================
Received Import Request.
  Time since last request: 0.000018 seconds.
  path: Assets/audio/RPG_Essentials_Free/10_Battle_SFX/55_Encounter_02.wav
  artifactKey: Guid(3f723b1ec6efc704ca8419907fe0a5bc) Importer(2089858483,192608db42251d675da83286b1cce702)
Start importing Assets/audio/RPG_Essentials_Free/10_Battle_SFX/55_Encounter_02.wav using Guid(3f723b1ec6efc704ca8419907fe0a5bc) Importer(2089858483,192608db42251d675da83286b1cce702) (ScriptedImporter) -> (artifact id: 'b08b42f11748066159581c43b6bb5599') in 0.0476486 seconds
Number of updated asset objects reloaded before import = 0Number of asset objects unloaded after import = 1

========================================================================
Received Import Request.
  Time since last request: 0.000017 seconds.
  path: Assets/audio/RPG_Essentials_Free/10_UI_Menu_SFX/070_Equip_10.wav
  artifactKey: Guid(909802d580efb0446a0d423c9a585e5b) Importer(2089858483,192608db42251d675da83286b1cce702)
Start importing Assets/audio/RPG_Essentials_Free/10_UI_Menu_SFX/070_Equip_10.wav using Guid(909802d580efb0446a0d423c9a585e5b) Importer(2089858483,192608db42251d675da83286b1cce702) (ScriptedImporter) -> (artifact id: 'c62530448b7fa2a706fab5c31c39d129') in 0.043394 seconds
Number of updated asset objects reloaded before import = 0Number of asset objects unloaded after import = 1

========================================================================
Received Import Request.
  Time since last request: 0.000022 seconds.
  path: Assets/Scripts/Managerment/GameManager.cs
  artifactKey: Guid(906b98801233a35468c95755368d1ed8) Importer(2089858483,192608db42251d675da83286b1cce702)
Start importing Assets/Scripts/Managerment/GameManager.cs using Guid(906b98801233a35468c95755368d1ed8) Importer(2089858483,192608db42251d675da83286b1cce702) (ScriptedImporter) -> (artifact id: '1f43136231b905c817ef0658932b0cde') in 0.0177959 seconds
Number of updated asset objects reloaded before import = 0Number of asset objects unloaded after import = 0

========================================================================
Received Import Request.
  Time since last request: 0.000031 seconds.
  path: Assets/Prefabs/Mummy.prefab
  artifactKey: Guid(417892960baffc544b479dedbe46ed54) Importer(2089858483,192608db42251d675da83286b1cce702)
Start importing Assets/Prefabs/Mummy.prefab using Guid(417892960baffc544b479dedbe46ed54) Importer(2089858483,192608db42251d675da83286b1cce702) (ScriptedImporter) -> (artifact id: 'f2384f09e35a917bb56e2ca6c13ee7bd') in 0.0573717 seconds
Number of updated asset objects reloaded before import = 0Number of asset objects unloaded after import = 18

========================================================================
Received Import Request.
  Time since last request: 0.000022 seconds.
  path: Assets/audio/RPG_Essentials_Free/8_Atk_Magic_SFX/30_Earth_02.wav
  artifactKey: Guid(545870a982026134ba238b21bc4a2d47) Importer(2089858483,192608db42251d675da83286b1cce702)
Start importing Assets/audio/RPG_Essentials_Free/8_Atk_Magic_SFX/30_Earth_02.wav using Guid(545870a982026134ba238b21bc4a2d47) Importer(2089858483,192608db42251d675da83286b1cce702) (ScriptedImporter) -> (artifact id: '769b72e715d2b4b0d650b16c79fd3701') in 0.0397555 seconds
Number of updated asset objects reloaded before import = 0Number of asset objects unloaded after import = 1

========================================================================
Received Import Request.
  Time since last request: 0.000016 seconds.
  path: Assets/audio/JDSherbert - Nostalgia Music Pack [FREE]/wav/JDSherbert - Nostalgia Music Pack - Treehouse Party.wav
  artifactKey: Guid(24eb79749ab624b43a5e3ff7fc9fc34f) Importer(2089858483,192608db42251d675da83286b1cce702)
Start importing Assets/audio/JDSherbert - Nostalgia Music Pack [FREE]/wav/JDSherbert - Nostalgia Music Pack - Treehouse Party.wav using Guid(24eb79749ab624b43a5e3ff7fc9fc34f) Importer(2089858483,192608db42251d675da83286b1cce702) (ScriptedImporter) -> (artifact id: '1b6c5c7177403d7b119820dd40ea8f85') in 0.0445541 seconds
Number of updated asset objects reloaded before import = 0Number of asset objects unloaded after import = 1

========================================================================
Received Import Request.
  Time since last request: 0.000053 seconds.
  path: Assets/audio/RPG_Essentials_Free/10_Battle_SFX/77_flesh_02.wav
  artifactKey: Guid(2c8037f4d05a61d459650b8943111086) Importer(2089858483,192608db42251d675da83286b1cce702)
Start importing Assets/audio/RPG_Essentials_Free/10_Battle_SFX/77_flesh_02.wav using Guid(2c8037f4d05a61d459650b8943111086) Importer(2089858483,192608db42251d675da83286b1cce702) (ScriptedImporter) -> (artifact id: 'dd1b3e27a1132c3c4d553afee1761b03') in 0.038555 seconds
Number of updated asset objects reloaded before import = 0Number of asset objects unloaded after import = 1

========================================================================
Received Import Request.
  Time since last request: 0.000038 seconds.
  path: Assets/audio/RPG_Essentials_Free/8_Atk_Magic_SFX/25_Wind_01.wav
  artifactKey: Guid(e5d12494596087a43abd4d03d37c14c7) Importer(2089858483,192608db42251d675da83286b1cce702)
Start importing Assets/audio/RPG_Essentials_Free/8_Atk_Magic_SFX/25_Wind_01.wav using Guid(e5d12494596087a43abd4d03d37c14c7) Importer(2089858483,192608db42251d675da83286b1cce702) (ScriptedImporter) -> (artifact id: '8a796655890d1bb429ae07aabd2ea629') in 0.0414249 seconds
Number of updated asset objects reloaded before import = 0Number of asset objects unloaded after import = 1

========================================================================
Received Import Request.
  Time since last request: 0.000018 seconds.
  path: Assets/audio/JDSherbert - Nostalgia Music Pack [FREE]/m4a
  artifactKey: Guid(ab09edd6c3840cb4b81b9cbf57abe5a3) Importer(2089858483,192608db42251d675da83286b1cce702)
Start importing Assets/audio/JDSherbert - Nostalgia Music Pack [FREE]/m4a using Guid(ab09edd6c3840cb4b81b9cbf57abe5a3) Importer(2089858483,192608db42251d675da83286b1cce702) (ScriptedImporter) -> (artifact id: '312d9e16470fdb82713c2c67943d8a83') in 0.0167593 seconds
Number of updated asset objects reloaded before import = 0Number of asset objects unloaded after import = 1

========================================================================
Received Import Request.
  Time since last request: 0.000017 seconds.
  path: Assets/audio/RPG_Essentials_Free/10_Battle_SFX/15_Impact_flesh_02.wav
  artifactKey: Guid(34d1557a68b440c449006705eeaeaebe) Importer(2089858483,192608db42251d675da83286b1cce702)
Start importing Assets/audio/RPG_Essentials_Free/10_Battle_SFX/15_Impact_flesh_02.wav using Guid(34d1557a68b440c449006705eeaeaebe) Importer(2089858483,192608db42251d675da83286b1cce702) (ScriptedImporter) -> (artifact id: '765f5df3188bb37a9f2d72d357393089') in 0.0445706 seconds
Number of updated asset objects reloaded before import = 0Number of asset objects unloaded after import = 1

========================================================================
Received Import Request.
  Time since last request: 0.000018 seconds.
  path: Assets/audio/RPG_Essentials_Free/8_Buffs_Heals_SFX/30_Revive_03.wav
  artifactKey: Guid(3fea69fa2beda404ca485855cf119fb3) Importer(2089858483,192608db42251d675da83286b1cce702)
Start importing Assets/audio/RPG_Essentials_Free/8_Buffs_Heals_SFX/30_Revive_03.wav using Guid(3fea69fa2beda404ca485855cf119fb3) Importer(2089858483,192608db42251d675da83286b1cce702) (ScriptedImporter) -> (artifact id: '217e69e68e5c82c6373c2199d4075ddb') in 0.0395722 seconds
Number of updated asset objects reloaded before import = 0Number of asset objects unloaded after import = 1

========================================================================
Received Import Request.
  Time since last request: 0.000026 seconds.
  path: Assets/audio/JDSherbert - Nostalgia Music Pack [FREE]/ogg
  artifactKey: Guid(16760068e46636d4caeed6214877646d) Importer(2089858483,192608db42251d675da83286b1cce702)
Start importing Assets/audio/JDSherbert - Nostalgia Music Pack [FREE]/ogg using Guid(16760068e46636d4caeed6214877646d) Importer(2089858483,192608db42251d675da83286b1cce702) (ScriptedImporter) -> (artifact id: '60029d7d9c09e0b129dcf6f6aab38a13') in 0.0166239 seconds
Number of updated asset objects reloaded before import = 0Number of asset objects unloaded after import = 1

========================================================================
Received Import Request.
  Time since last request: 0.000016 seconds.
  path: Assets/audio/RPG_Essentials_Free/10_Battle_SFX/39_Block_03.wav
  artifactKey: Guid(fdb154cdfc1346743b6da467a87088f9) Importer(2089858483,192608db42251d675da83286b1cce702)
Start importing Assets/audio/RPG_Essentials_Free/10_Battle_SFX/39_Block_03.wav using Guid(fdb154cdfc1346743b6da467a87088f9) Importer(2089858483,192608db42251d675da83286b1cce702) (ScriptedImporter) -> (artifact id: 'ea69fdb5751fa6b3f6db12bb6f7dcf51') in 0.0441539 seconds
Number of updated asset objects reloaded before import = 0Number of asset objects unloaded after import = 1

========================================================================
Received Prepare
Refreshing native plugins compatible for Editor in 2.59 ms, found 4 plugins.
Preloading 0 native plugins for Editor in 0.00 ms.
Unloading 35 Unused Serialized files (Serialized files now loaded: 0)
Unloading 6795 unused Assets / (8.5 MB). Loaded Objects now: 7509.
Memory consumption went from 152.9 MB to 144.3 MB.
Total: 19.728200 ms (FindLiveObjects: 0.953000 ms CreateObjectMapping: 1.164500 ms MarkObjects: 10.791300 ms  DeleteObjects: 6.817400 ms)

Prepare: number of updated asset objects reloaded= 0
========================================================================
Received Prepare
Begin MonoManager ReloadAssembly
[Licensing::Client] Successfully resolved entitlement details
- Loaded All Assemblies, in  1.453 seconds
Refreshing native plugins compatible for Editor in 2.67 ms, found 4 plugins.
Native extension for Android target not found
Native extension for WindowsStandalone target not found
[Package Manager] Failed to launch server process. Reason: Unity was launched with the -noUpm command-line argument
[Package Manager] Unable to send message (not connected to server process).
[Package Manager] Cannot connect to Unity Package Manager local server
Mono: successfully reloaded assembly
- Finished resetting the current domain, in  1.203 seconds
Domain Reload Profiling: 2663ms
	BeginReloadAssembly (474ms)
		ExecutionOrderSort (0ms)
		DisableScriptedObjects (24ms)
		BackupInstance (0ms)
		ReleaseScriptingObjects (0ms)
		CreateAndSetChildDomain (147ms)
	RebuildCommonClasses (73ms)
	RebuildNativeTypeToScriptingClass (22ms)
	initialDomainReloadingComplete (50ms)
	LoadAllAssembliesAndSetupDomain (840ms)
		LoadAssemblies (646ms)
		RebuildTransferFunctionScriptingTraits (0ms)
		AnalyzeDomain (408ms)
			TypeCache.Refresh (18ms)
				TypeCache.ScanAssembly (1ms)
			BuildScriptInfoCaches (362ms)
			ResolveRequiredComponents (18ms)
	FinalizeReload (1203ms)
		ReleaseScriptCaches (0ms)
		RebuildScriptCaches (0ms)
		SetupLoadedEditorAssemblies (937ms)
			LogAssemblyErrors (0ms)
			InitializePlatformSupportModulesInManaged (16ms)
			SetLoadedEditorAssemblies (9ms)
			BeforeProcessingInitializeOnLoad (199ms)
			ProcessInitializeOnLoadAttributes (606ms)
			ProcessInitializeOnLoadMethodAttributes (104ms)
			AfterProcessingInitializeOnLoad (2ms)
			EditorAssembliesLoaded (1ms)
		ExecutionOrderSort2 (0ms)
		AwakeInstancesAfterBackupRestoration (22ms)
Refreshing native plugins compatible for Editor in 5.62 ms, found 4 plugins.
Preloading 0 native plugins for Editor in 0.00 ms.
Unloading 35 Unused Serialized files (Serialized files now loaded: 0)
Unloading 6806 unused Assets / (9.6 MB). Loaded Objects now: 7512.
Memory consumption went from 155.5 MB to 145.9 MB.
Total: 25.575000 ms (FindLiveObjects: 1.470800 ms CreateObjectMapping: 2.348700 ms MarkObjects: 10.486900 ms  DeleteObjects: 11.266800 ms)

Prepare: number of updated asset objects reloaded= 0
Editor requested this worker to shutdown with reason: Scaling down because of idle timeout
AssetImportWorker is now disconnected from the server
Process exiting
Exiting without the bug reporter. Application will terminate with return code 0